0 info it worked if it ends with ok
1 verbose cli [ '/usr/local/Cellar/node/7.4.0/bin/node',
1 verbose cli   '/usr/local/bin/npm',
1 verbose cli   'run',
1 verbose cli   'prod' ]
2 info using npm@4.0.5
3 info using node@v7.4.0
4 verbose run-script [ 'preprod', 'prod', 'postprod' ]
5 info lifecycle educator-id-generator@0.0.1~preprod: educator-id-generator@0.0.1
6 silly lifecycle educator-id-generator@0.0.1~preprod: no script for preprod, continuing
7 info lifecycle educator-id-generator@0.0.1~prod: educator-id-generator@0.0.1
8 verbose lifecycle educator-id-generator@0.0.1~prod: unsafe-perm in lifecycle true
9 verbose lifecycle educator-id-generator@0.0.1~prod: PATH: /usr/local/lib/node_modules/npm/bin/node-gyp-bin:/Users/artichokes/Documents/NooraHealth/educator-registry/node_modules/.bin:/Users/artichokes/.meteor:/usr/local/git/bin:/usr/local/sbin:/usr/local/bin:/usr/sbin:/usr/bin:/sbin:/bin:/usr/games:/opt/local/bin:/opt/local/sbin:/usr/X11/bin
10 verbose lifecycle educator-id-generator@0.0.1~prod: CWD: /Users/artichokes/Documents/NooraHealth/educator-registry
11 silly lifecycle educator-id-generator@0.0.1~prod: Args: [ '-c', 'meteor run --settings settings.json' ]
12 silly lifecycle educator-id-generator@0.0.1~prod: Returned: code: 254  signal: null
13 info lifecycle educator-id-generator@0.0.1~prod: Failed to exec prod script
14 verbose stack Error: educator-id-generator@0.0.1 prod: `meteor run --settings settings.json`
14 verbose stack Exit status 254
14 verbose stack     at EventEmitter.<anonymous> (/usr/local/lib/node_modules/npm/lib/utils/lifecycle.js:279:16)
14 verbose stack     at emitTwo (events.js:106:13)
14 verbose stack     at EventEmitter.emit (events.js:191:7)
14 verbose stack     at ChildProcess.<anonymous> (/usr/local/lib/node_modules/npm/lib/utils/spawn.js:40:14)
14 verbose stack     at emitTwo (events.js:106:13)
14 verbose stack     at ChildProcess.emit (events.js:191:7)
14 verbose stack     at maybeClose (internal/child_process.js:885:16)
14 verbose stack     at Process.ChildProcess._handle.onexit (internal/child_process.js:226:5)
15 verbose pkgid educator-id-generator@0.0.1
16 verbose cwd /Users/artichokes/Documents/NooraHealth/educator-registry
17 error Darwin 16.4.0
18 error argv "/usr/local/Cellar/node/7.4.0/bin/node" "/usr/local/bin/npm" "run" "prod"
19 error node v7.4.0
20 error npm  v4.0.5
21 error code ELIFECYCLE
22 error educator-id-generator@0.0.1 prod: `meteor run --settings settings.json`
22 error Exit status 254
23 error Failed at the educator-id-generator@0.0.1 prod script 'meteor run --settings settings.json'.
23 error Make sure you have the latest version of node.js and npm installed.
23 error If you do, this is most likely a problem with the educator-id-generator package,
23 error not with npm itself.
23 error Tell the author that this fails on your system:
23 error     meteor run --settings settings.json
23 error You can get information on how to open an issue for this project with:
23 error     npm bugs educator-id-generator
23 error Or if that isn't available, you can get their info via:
23 error     npm owner ls educator-id-generator
23 error There is likely additional logging output above.
24 verbose exit [ 1, true ]
